1729540501.617925 client started (7709): version 3.5a, socket /private/tmp/tmux-501/default, protocol 8
1729540501.617947 on Darwin 24.0.0 Darwin Kernel Version 24.0.0: Tue Sep 24 23:37:25 PDT 2024; root:xnu-11215.1.12~1/RELEASE_ARM64_T6030
1729540501.617952 using libevent 2.1.12-stable select
1729540501.618195 using utf8proc 2.9.0
1729540501.618203 using ncurses 6.5 20240427
1729540501.618211 flags are 0x10010000
1729540501.618213 socket is /private/tmp/tmux-501/default
1729540501.618221 trying connect
1729540501.618259 add peer 0x150048000: 6 (0x0)
1729540501.619492 sending message 111 to peer 0x150048000 (8 bytes)
1729540501.619501 sending message 111 to peer 0x150048000 (8 bytes)
1729540501.619505 sending message 101 to peer 0x150048000 (14 bytes)
1729540501.619507 sending message 109 to peer 0x150048000 (4 bytes)
1729540501.619510 sending message 102 to peer 0x150048000 (13 bytes)
1729540501.619512 sending message 108 to peer 0x150048000 (37 bytes)
1729540501.619515 sending message 112 to peer 0x150048000 (70 bytes)
1729540501.619517 sending message 112 to peer 0x150048000 (5 bytes)
1729540501.619520 sending message 112 to peer 0x150048000 (5 bytes)
1729540501.619522 sending message 112 to peer 0x150048000 (6 bytes)
1729540501.619524 sending message 112 to peer 0x150048000 (6 bytes)
1729540501.619526 sending message 112 to peer 0x150048000 (11 bytes)
1729540501.619529 sending message 112 to peer 0x150048000 (10 bytes)
1729540501.619531 sending message 112 to peer 0x150048000 (13 bytes)
1729540501.619533 sending message 112 to peer 0x150048000 (13 bytes)
1729540501.619535 sending message 112 to peer 0x150048000 (18 bytes)
1729540501.619538 sending message 112 to peer 0x150048000 (11 bytes)
1729540501.619540 sending message 112 to peer 0x150048000 (10 bytes)
1729540501.619542 sending message 112 to peer 0x150048000 (15 bytes)
1729540501.619544 sending message 112 to peer 0x150048000 (21 bytes)
1729540501.619546 sending message 112 to peer 0x150048000 (13 bytes)
1729540501.619549 sending message 112 to peer 0x150048000 (7 bytes)
1729540501.619551 sending message 112 to peer 0x150048000 (13 bytes)
1729540501.619553 sending message 112 to peer 0x150048000 (7 bytes)
1729540501.619555 sending message 112 to peer 0x150048000 (13 bytes)
1729540501.619558 sending message 112 to peer 0x150048000 (9 bytes)
1729540501.619560 sending message 112 to peer 0x150048000 (21 bytes)
1729540501.619562 sending message 112 to peer 0x150048000 (13 bytes)
1729540501.619564 sending message 112 to peer 0x150048000 (8 bytes)
1729540501.619566 sending message 112 to peer 0x150048000 (12 bytes)
1729540501.619569 sending message 112 to peer 0x150048000 (13 bytes)
1729540501.619571 sending message 112 to peer 0x150048000 (9 bytes)
1729540501.619573 sending message 112 to peer 0x150048000 (9 bytes)
1729540501.619575 sending message 112 to peer 0x150048000 (12 bytes)
1729540501.619577 sending message 112 to peer 0x150048000 (8 bytes)
1729540501.619580 sending message 112 to peer 0x150048000 (8 bytes)
1729540501.619582 sending message 112 to peer 0x150048000 (7 bytes)
1729540501.619584 sending message 112 to peer 0x150048000 (7 bytes)
1729540501.619586 sending message 112 to peer 0x150048000 (9 bytes)
1729540501.619588 sending message 112 to peer 0x150048000 (13 bytes)
1729540501.619591 sending message 112 to peer 0x150048000 (6 bytes)
1729540501.619593 sending message 112 to peer 0x150048000 (9 bytes)
1729540501.619595 sending message 112 to peer 0x150048000 (15 bytes)
1729540501.619597 sending message 112 to peer 0x150048000 (13 bytes)
1729540501.619599 sending message 112 to peer 0x150048000 (12 bytes)
1729540501.619602 sending message 112 to peer 0x150048000 (8 bytes)
1729540501.619604 sending message 112 to peer 0x150048000 (14 bytes)
1729540501.619606 sending message 112 to peer 0x150048000 (11 bytes)
1729540501.619608 sending message 112 to peer 0x150048000 (9 bytes)
1729540501.619611 sending message 112 to peer 0x150048000 (10 bytes)
1729540501.619613 sending message 112 to peer 0x150048000 (10 bytes)
1729540501.619615 sending message 112 to peer 0x150048000 (10 bytes)
1729540501.619621 sending message 112 to peer 0x150048000 (10 bytes)
1729540501.619623 sending message 112 to peer 0x150048000 (11 bytes)
1729540501.619625 sending message 112 to peer 0x150048000 (12 bytes)
1729540501.619626 sending message 112 to peer 0x150048000 (12 bytes)
1729540501.619628 sending message 112 to peer 0x150048000 (12 bytes)
1729540501.619629 sending message 112 to peer 0x150048000 (12 bytes)
1729540501.619631 sending message 112 to peer 0x150048000 (12 bytes)
1729540501.619633 sending message 112 to peer 0x150048000 (11 bytes)
1729540501.619634 sending message 112 to peer 0x150048000 (11 bytes)
1729540501.619636 sending message 112 to peer 0x150048000 (12 bytes)
1729540501.619637 sending message 112 to peer 0x150048000 (12 bytes)
1729540501.619639 sending message 112 to peer 0x150048000 (12 bytes)
1729540501.619640 sending message 112 to peer 0x150048000 (12 bytes)
1729540501.619642 sending message 112 to peer 0x150048000 (12 bytes)
1729540501.619643 sending message 112 to peer 0x150048000 (10 bytes)
1729540501.619645 sending message 112 to peer 0x150048000 (12 bytes)
1729540501.619647 sending message 112 to peer 0x150048000 (13 bytes)
1729540501.619648 sending message 112 to peer 0x150048000 (13 bytes)
1729540501.619650 sending message 112 to peer 0x150048000 (13 bytes)
1729540501.619651 sending message 112 to peer 0x150048000 (13 bytes)
1729540501.619653 sending message 112 to peer 0x150048000 (13 bytes)
1729540501.619654 sending message 112 to peer 0x150048000 (8 bytes)
1729540501.619656 sending message 112 to peer 0x150048000 (11 bytes)
1729540501.619657 sending message 112 to peer 0x150048000 (11 bytes)
1729540501.619659 sending message 112 to peer 0x150048000 (11 bytes)
1729540501.619661 sending message 112 to peer 0x150048000 (12 bytes)
1729540501.619662 sending message 112 to peer 0x150048000 (12 bytes)
1729540501.619664 sending message 112 to peer 0x150048000 (12 bytes)
1729540501.619665 sending message 112 to peer 0x150048000 (12 bytes)
1729540501.619667 sending message 112 to peer 0x150048000 (13 bytes)
1729540501.619668 sending message 112 to peer 0x150048000 (13 bytes)
1729540501.619670 sending message 112 to peer 0x150048000 (13 bytes)
1729540501.619671 sending message 112 to peer 0x150048000 (8 bytes)
1729540501.619673 sending message 112 to peer 0x150048000 (13 bytes)
1729540501.619675 sending message 112 to peer 0x150048000 (13 bytes)
1729540501.619676 sending message 112 to peer 0x150048000 (13 bytes)
1729540501.619678 sending message 112 to peer 0x150048000 (13 bytes)
1729540501.619679 sending message 112 to peer 0x150048000 (13 bytes)
1729540501.619681 sending message 112 to peer 0x150048000 (12 bytes)
1729540501.619682 sending message 112 to peer 0x150048000 (12 bytes)
1729540501.619684 sending message 112 to peer 0x150048000 (12 bytes)
1729540501.619685 sending message 112 to peer 0x150048000 (12 bytes)
1729540501.619687 sending message 112 to peer 0x150048000 (13 bytes)
1729540501.619688 sending message 112 to peer 0x150048000 (8 bytes)
1729540501.619690 sending message 112 to peer 0x150048000 (13 bytes)
1729540501.619691 sending message 112 to peer 0x150048000 (13 bytes)
1729540501.619693 sending message 112 to peer 0x150048000 (13 bytes)
1729540501.619694 sending message 112 to peer 0x150048000 (13 bytes)
1729540501.619696 sending message 112 to peer 0x150048000 (13 bytes)
1729540501.619698 sending message 112 to peer 0x150048000 (13 bytes)
1729540501.619699 sending message 112 to peer 0x150048000 (13 bytes)
1729540501.619701 sending message 112 to peer 0x150048000 (12 bytes)
1729540501.619702 sending message 112 to peer 0x150048000 (12 bytes)
1729540501.619704 sending message 112 to peer 0x150048000 (12 bytes)
1729540501.619705 sending message 112 to peer 0x150048000 (8 bytes)
1729540501.619707 sending message 112 to peer 0x150048000 (12 bytes)
1729540501.619708 sending message 112 to peer 0x150048000 (13 bytes)
1729540501.619710 sending message 112 to peer 0x150048000 (13 bytes)
1729540501.619711 sending message 112 to peer 0x150048000 (13 bytes)
1729540501.619713 sending message 112 to peer 0x150048000 (13 bytes)
1729540501.619718 sending message 112 to peer 0x150048000 (13 bytes)
1729540501.619719 sending message 112 to peer 0x150048000 (13 bytes)
1729540501.619721 sending message 112 to peer 0x150048000 (13 bytes)
1729540501.619723 sending message 112 to peer 0x150048000 (13 bytes)
1729540501.619724 sending message 112 to peer 0x150048000 (12 bytes)
1729540501.619726 sending message 112 to peer 0x150048000 (10 bytes)
1729540501.619727 sending message 112 to peer 0x150048000 (12 bytes)
1729540501.619729 sending message 112 to peer 0x150048000 (12 bytes)
1729540501.619730 sending message 112 to peer 0x150048000 (12 bytes)
1729540501.619732 sending message 112 to peer 0x150048000 (13 bytes)
1729540501.619733 sending message 112 to peer 0x150048000 (13 bytes)
1729540501.619735 sending message 112 to peer 0x150048000 (13 bytes)
1729540501.619736 sending message 112 to peer 0x150048000 (13 bytes)
1729540501.619747 sending message 112 to peer 0x150048000 (13 bytes)
1729540501.619748 sending message 112 to peer 0x150048000 (13 bytes)
1729540501.619750 sending message 112 to peer 0x150048000 (13 bytes)
1729540501.619751 sending message 112 to peer 0x150048000 (10 bytes)
1729540501.619753 sending message 112 to peer 0x150048000 (13 bytes)
1729540501.619755 sending message 112 to peer 0x150048000 (12 bytes)
1729540501.619756 sending message 112 to peer 0x150048000 (12 bytes)
1729540501.619758 sending message 112 to peer 0x150048000 (12 bytes)
1729540501.619759 sending message 112 to peer 0x150048000 (10 bytes)
1729540501.619761 sending message 112 to peer 0x150048000 (10 bytes)
1729540501.619762 sending message 112 to peer 0x150048000 (10 bytes)
1729540501.619764 sending message 112 to peer 0x150048000 (12 bytes)
1729540501.619765 sending message 112 to peer 0x150048000 (13 bytes)
1729540501.619767 sending message 112 to peer 0x150048000 (13 bytes)
1729540501.619768 sending message 112 to peer 0x150048000 (13 bytes)
1729540501.619770 sending message 112 to peer 0x150048000 (13 bytes)
1729540501.619772 sending message 112 to peer 0x150048000 (13 bytes)
1729540501.619773 sending message 112 to peer 0x150048000 (11 bytes)
1729540501.619775 sending message 112 to peer 0x150048000 (11 bytes)
1729540501.619776 sending message 112 to peer 0x150048000 (12 bytes)
1729540501.619778 sending message 112 to peer 0x150048000 (12 bytes)
1729540501.619779 sending message 112 to peer 0x150048000 (12 bytes)
1729540501.619781 sending message 112 to peer 0x150048000 (12 bytes)
1729540501.619782 sending message 112 to peer 0x150048000 (12 bytes)
1729540501.619784 sending message 112 to peer 0x150048000 (11 bytes)
1729540501.619785 sending message 112 to peer 0x150048000 (12 bytes)
1729540501.619787 sending message 112 to peer 0x150048000 (12 bytes)
1729540501.619788 sending message 112 to peer 0x150048000 (13 bytes)
1729540501.619790 sending message 112 to peer 0x150048000 (13 bytes)
1729540501.619792 sending message 112 to peer 0x150048000 (13 bytes)
1729540501.619793 sending message 112 to peer 0x150048000 (13 bytes)
1729540501.619795 sending message 112 to peer 0x150048000 (13 bytes)
1729540501.619796 sending message 112 to peer 0x150048000 (10 bytes)
1729540501.619798 sending message 112 to peer 0x150048000 (9 bytes)
1729540501.619799 sending message 112 to peer 0x150048000 (12 bytes)
1729540501.619801 sending message 112 to peer 0x150048000 (13 bytes)
1729540501.619802 sending message 112 to peer 0x150048000 (13 bytes)
1729540501.619804 sending message 112 to peer 0x150048000 (13 bytes)
1729540501.619806 sending message 112 to peer 0x150048000 (13 bytes)
1729540501.619807 sending message 112 to peer 0x150048000 (13 bytes)
1729540501.619809 sending message 112 to peer 0x150048000 (9 bytes)
1729540501.619810 sending message 112 to peer 0x150048000 (12 bytes)
1729540501.619812 sending message 112 to peer 0x150048000 (13 bytes)
1729540501.619813 sending message 112 to peer 0x150048000 (13 bytes)
1729540501.619815 sending message 112 to peer 0x150048000 (13 bytes)
1729540501.619816 sending message 112 to peer 0x150048000 (13 bytes)
1729540501.619821 sending message 112 to peer 0x150048000 (13 bytes)
1729540501.619822 sending message 112 to peer 0x150048000 (11 bytes)
1729540501.619824 sending message 112 to peer 0x150048000 (12 bytes)
1729540501.619825 sending message 112 to peer 0x150048000 (13 bytes)
1729540501.619827 sending message 112 to peer 0x150048000 (13 bytes)
1729540501.619829 sending message 112 to peer 0x150048000 (13 bytes)
1729540501.619831 sending message 112 to peer 0x150048000 (13 bytes)
1729540501.619833 sending message 112 to peer 0x150048000 (13 bytes)
1729540501.619835 sending message 112 to peer 0x150048000 (11 bytes)
1729540501.619837 sending message 112 to peer 0x150048000 (12 bytes)
1729540501.619838 sending message 112 to peer 0x150048000 (12 bytes)
1729540501.619840 sending message 112 to peer 0x150048000 (12 bytes)
1729540501.619841 sending message 112 to peer 0x150048000 (12 bytes)
1729540501.619843 sending message 112 to peer 0x150048000 (12 bytes)
1729540501.619845 sending message 112 to peer 0x150048000 (21 bytes)
1729540501.619846 sending message 112 to peer 0x150048000 (12 bytes)
1729540501.619848 sending message 112 to peer 0x150048000 (9 bytes)
1729540501.619849 sending message 112 to peer 0x150048000 (6 bytes)
1729540501.619851 sending message 112 to peer 0x150048000 (13 bytes)
1729540501.619852 sending message 112 to peer 0x150048000 (8 bytes)
1729540501.619854 sending message 112 to peer 0x150048000 (15 bytes)
1729540501.619856 sending message 112 to peer 0x150048000 (13 bytes)
1729540501.619858 sending message 112 to peer 0x150048000 (9 bytes)
1729540501.619859 sending message 112 to peer 0x150048000 (70 bytes)
1729540501.619861 sending message 112 to peer 0x150048000 (69 bytes)
1729540501.619863 sending message 112 to peer 0x150048000 (10 bytes)
1729540501.619864 sending message 112 to peer 0x150048000 (10 bytes)
1729540501.619866 sending message 112 to peer 0x150048000 (8 bytes)
1729540501.619868 sending message 112 to peer 0x150048000 (15 bytes)
1729540501.619869 sending message 112 to peer 0x150048000 (13 bytes)
1729540501.619871 sending message 112 to peer 0x150048000 (10 bytes)
1729540501.619872 sending message 112 to peer 0x150048000 (10 bytes)
1729540501.619874 sending message 112 to peer 0x150048000 (17 bytes)
1729540501.619876 sending message 112 to peer 0x150048000 (10 bytes)
1729540501.619877 sending message 112 to peer 0x150048000 (13 bytes)
1729540501.619879 sending message 112 to peer 0x150048000 (9 bytes)
1729540501.619881 sending message 112 to peer 0x150048000 (5 bytes)
1729540501.619882 sending message 112 to peer 0x150048000 (15 bytes)
1729540501.619884 sending message 104 to peer 0x150048000 (0 bytes)
1729540501.619886 sending message 110 to peer 0x150048000 (0 bytes)
1729540501.619888 sending message 107 to peer 0x150048000 (4 bytes)
1729540501.619890 sending message 105 to peer 0x150048000 (32 bytes)
1729540501.619891 sending message 105 to peer 0x150048000 (20 bytes)
1729540501.619893 sending message 105 to peer 0x150048000 (22 bytes)
1729540501.619894 sending message 105 to peer 0x150048000 (12 bytes)
1729540501.619896 sending message 105 to peer 0x150048000 (21 bytes)
1729540501.619898 sending message 105 to peer 0x150048000 (20 bytes)
1729540501.619899 sending message 105 to peer 0x150048000 (37 bytes)
1729540501.619901 sending message 105 to peer 0x150048000 (24 bytes)
1729540501.619902 sending message 105 to peer 0x150048000 (30 bytes)
1729540501.619904 sending message 105 to peer 0x150048000 (34 bytes)
1729540501.619906 sending message 105 to peer 0x150048000 (60 bytes)
1729540501.619907 sending message 105 to peer 0x150048000 (16 bytes)
1729540501.619909 sending message 105 to peer 0x150048000 (22 bytes)
1729540501.619910 sending message 105 to peer 0x150048000 (20 bytes)
1729540501.619912 sending message 105 to peer 0x150048000 (23 bytes)
1729540501.619914 sending message 105 to peer 0x150048000 (23 bytes)
1729540501.619915 sending message 105 to peer 0x150048000 (22 bytes)
1729540501.619917 sending message 105 to peer 0x150048000 (19 bytes)
1729540501.619922 sending message 105 to peer 0x150048000 (8 bytes)
1729540501.619924 sending message 105 to peer 0x150048000 (27 bytes)
1729540501.619926 sending message 105 to peer 0x150048000 (16 bytes)
1729540501.619927 sending message 105 to peer 0x150048000 (32 bytes)
1729540501.619929 sending message 105 to peer 0x150048000 (96 bytes)
1729540501.619930 sending message 105 to peer 0x150048000 (44 bytes)
1729540501.619932 sending message 105 to peer 0x150048000 (12 bytes)
1729540501.619934 sending message 105 to peer 0x150048000 (11 bytes)
1729540501.619935 sending message 105 to peer 0x150048000 (710 bytes)
1729540501.619937 sending message 105 to peer 0x150048000 (38 bytes)
1729540501.619939 sending message 105 to peer 0x150048000 (41 bytes)
1729540501.619940 sending message 105 to peer 0x150048000 (15 bytes)
1729540501.619942 sending message 105 to peer 0x150048000 (8 bytes)
1729540501.619944 sending message 105 to peer 0x150048000 (66 bytes)
1729540501.619945 sending message 105 to peer 0x150048000 (19 bytes)
1729540501.619947 sending message 105 to peer 0x150048000 (18 bytes)
1729540501.619948 sending message 105 to peer 0x150048000 (26 bytes)
1729540501.619950 sending message 105 to peer 0x150048000 (57 bytes)
1729540501.619952 sending message 105 to peer 0x150048000 (43 bytes)
1729540501.619954 sending message 105 to peer 0x150048000 (13 bytes)
1729540501.619956 sending message 105 to peer 0x150048000 (62 bytes)
1729540501.619958 sending message 105 to peer 0x150048000 (13 bytes)
1729540501.619959 sending message 105 to peer 0x150048000 (34 bytes)
1729540501.619961 sending message 105 to peer 0x150048000 (48 bytes)
1729540501.619962 sending message 105 to peer 0x150048000 (72 bytes)
1729540501.619964 sending message 105 to peer 0x150048000 (64 bytes)
1729540501.619966 sending message 105 to peer 0x150048000 (15 bytes)
1729540501.619967 sending message 105 to peer 0x150048000 (71 bytes)
1729540501.619969 sending message 105 to peer 0x150048000 (14 bytes)
1729540501.619970 sending message 105 to peer 0x150048000 (19 bytes)
1729540501.619972 sending message 105 to peer 0x150048000 (30 bytes)
1729540501.619973 sending message 105 to peer 0x150048000 (26 bytes)
1729540501.619975 sending message 105 to peer 0x150048000 (22 bytes)
1729540501.619977 sending message 105 to peer 0x150048000 (44 bytes)
1729540501.619978 sending message 105 to peer 0x150048000 (38 bytes)
1729540501.619980 sending message 105 to peer 0x150048000 (115 bytes)
1729540501.619982 sending message 105 to peer 0x150048000 (18 bytes)
1729540501.619983 sending message 105 to peer 0x150048000 (10 bytes)
1729540501.619985 sending message 105 to peer 0x150048000 (25 bytes)
1729540501.619986 sending message 106 to peer 0x150048000 (0 bytes)
1729540501.620017 sending message 200 to peer 0x150048000 (4 bytes)
1729540501.620021 client loop enter
1729540501.620141 peer 0x150048000 message 303
1729540501.620145 open write file 2 -
1729540501.620150 sending message 305 to peer 0x150048000 (8 bytes)
1729540501.620156 write check file 2
1729540501.620166 peer 0x150048000 message 304
1729540501.620168 write 58 to file 2
1729540501.620170 peer 0x150048000 message 203
1729540501.620172 file 2 58 bytes left
1729540501.620177 write check file 2
1729540501.620179 client loop exit
